Performing C SOURCE FILE Test CMAKE_HAVE_LIBC_PTHREAD failed with the following output:
Change Dir: /home/jordan/Documents/schoolwork/CS467/8080/debug/CMakeFiles/CMakeTmp

Run Build Command(s):/usr/bin/make cmTC_9a423/fast && /usr/bin/make  -f CMakeFiles/cmTC_9a423.dir/build.make CMakeFiles/cmTC_9a423.dir/build
make[1]: Entering directory '/home/jordan/Documents/schoolwork/CS467/8080/debug/CMakeFiles/CMakeTmp'
Building C object CMakeFiles/cmTC_9a423.dir/src.c.o
/usr/bin/gcc   -DCMAKE_HAVE_LIBC_PTHREAD -o CMakeFiles/cmTC_9a423.dir/src.c.o -c /home/jordan/Documents/schoolwork/CS467/8080/debug/CMakeFiles/CMakeTmp/src.c
Linking C executable cmTC_9a423
/usr/local/bin/cmake -E cmake_link_script CMakeFiles/cmTC_9a423.dir/link.txt --verbose=1
/usr/bin/gcc  -DCMAKE_HAVE_LIBC_PTHREAD CMakeFiles/cmTC_9a423.dir/src.c.o -o cmTC_9a423 
CMakeFiles/cmTC_9a423.dir/src.c.o: In function `main':
src.c:(.text+0x3e): undefined reference to `pthread_create'
src.c:(.text+0x4a): undefined reference to `pthread_detach'
src.c:(.text+0x56): undefined reference to `pthread_cancel'
src.c:(.text+0x67): undefined reference to `pthread_join'
src.c:(.text+0x7b): undefined reference to `pthread_atfork'
collect2: error: ld returned 1 exit status
CMakeFiles/cmTC_9a423.dir/build.make:105: recipe for target 'cmTC_9a423' failed
make[1]: *** [cmTC_9a423] Error 1
make[1]: Leaving directory '/home/jordan/Documents/schoolwork/CS467/8080/debug/CMakeFiles/CMakeTmp'
Makefile:140: recipe for target 'cmTC_9a423/fast' failed
make: *** [cmTC_9a423/fast] Error 2


Source file was:
#include <pthread.h>

void* test_func(void* data)
{
  return data;
}

int main(void)
{
  pthread_t thread;
  pthread_create(&thread, NULL, test_func, NULL);
  pthread_detach(thread);
  pthread_cancel(thread);
  pthread_join(thread, NULL);
  pthread_atfork(NULL, NULL, NULL);
  pthread_exit(NULL);

  return 0;
}

Determining if the function pthread_create exists in the pthreads failed with the following output:
Change Dir: /home/jordan/Documents/schoolwork/CS467/8080/debug/CMakeFiles/CMakeTmp

Run Build Command(s):/usr/bin/make cmTC_7c803/fast && /usr/bin/make  -f CMakeFiles/cmTC_7c803.dir/build.make CMakeFiles/cmTC_7c803.dir/build
make[1]: Entering directory '/home/jordan/Documents/schoolwork/CS467/8080/debug/CMakeFiles/CMakeTmp'
Building C object CMakeFiles/cmTC_7c803.dir/CheckFunctionExists.c.o
/usr/bin/gcc   -DCHECK_FUNCTION_EXISTS=pthread_create -o CMakeFiles/cmTC_7c803.dir/CheckFunctionExists.c.o -c /usr/local/share/cmake-3.18/Modules/CheckFunctionExists.c
Linking C executable cmTC_7c803
/usr/local/bin/cmake -E cmake_link_script CMakeFiles/cmTC_7c803.dir/link.txt --verbose=1
/usr/bin/gcc  -DCHECK_FUNCTION_EXISTS=pthread_create CMakeFiles/cmTC_7c803.dir/CheckFunctionExists.c.o -o cmTC_7c803  -lpthreads 
/usr/bin/ld: cannot find -lpthreads
collect2: error: ld returned 1 exit status
CMakeFiles/cmTC_7c803.dir/build.make:105: recipe for target 'cmTC_7c803' failed
make[1]: *** [cmTC_7c803] Error 1
make[1]: Leaving directory '/home/jordan/Documents/schoolwork/CS467/8080/debug/CMakeFiles/CMakeTmp'
Makefile:140: recipe for target 'cmTC_7c803/fast' failed
make: *** [cmTC_7c803/fast] Error 2



